<?xml version="1.0" encoding="UTF-8"?>
<testsuite name="com.chasel.ng2n.ui.ai.TopicAiViewModelTest" tests="9" skipped="0" failures="0" errors="0" timestamp="2026-09-13T15:17:18.503Z" hostname="ningmengkeledeMac-mini.local" time="0.063">
  <properties/>
  <testcase name="selectedFloorInAuthorFilteredFirstPageIsReadByPid" classname="com.chasel.ng2n.ui.ai.TopicAiViewModelTest" time="0.04"/>
  <testcase name="historyContinuationUsesNewestRunAfterStopping" classname="com.chasel.ng2n.ui.ai.TopicAiViewModelTest" time="0.006"/>
  <testcase name="collapsingContinuesStoppingCancelsLateUpdatesAndRetryStartsFresh" classname="com.chasel.ng2n.ui.ai.TopicAiViewModelTest" time="0.002"/>
  <testcase name="historyContinuationUsesNewestRunAfterAnotherDisconnection" classname="com.chasel.ng2n.ui.ai.TopicAiViewModelTest" time="0.002"/>
  <testcase name="storageFailureKeepsDraftAndBlocksFurtherModelCallsUntilExplicitSave" classname="com.chasel.ng2n.ui.ai.TopicAiViewModelTest" time="0.003"/>
  <testcase name="sameTopicCreatesSeparateConversationsAndOpeningHistoryDoesNotPay" classname="com.chasel.ng2n.ui.ai.TopicAiViewModelTest" time="0.003"/>
  <testcase name="missingKeyDoesNotReadForumOrSendModelAndDraftRemainsVisible" classname="com.chasel.ng2n.ui.ai.TopicAiViewModelTest" time="0.001"/>
  <testcase name="topicOverviewRetainsTheAuthorFilteredCurrentPage" classname="com.chasel.ng2n.ui.ai.TopicAiViewModelTest" time="0.003"/>
  <testcase name="missingSelectedFloorIsNotReportedReadAndDoesNotInvokeTheModel" classname="com.chasel.ng2n.ui.ai.TopicAiViewModelTest" time="0.003"/>
  <system-out><![CDATA[]]></system-out>
  <system-err><![CDATA[]]></system-err>
</testsuite>
