<?xml version='1.0' encoding='UTF-8' ?>
<testsuites tests="8" failures="0" errors="0" skipped="0" time="79.829" timestamp="2026-09-13T17:37:34" hostname="localhost">
  <testsuite name="com.chasel.ng2n.ui.ai.AiEntryPanelsTest" tests="4" failures="0" errors="0" skipped="0" time="38.277" timestamp="2026-09-13T17:37:34" hostname="localhost">
    <properties>
      <property name="device" value="Pixel_8(AVD) - 17" />
      <property name="flavor" value="" />
      <property name="project" value=":app" />
    </properties>
    <testcase name="chainShowsUpstreamCurrentDownstreamAndArgumentAction" classname="com.chasel.ng2n.ui.ai.AiEntryPanelsTest" time="11.044" />
    <testcase name="listShowsCountsExpandableDetailsAndItsOwnActions" classname="com.chasel.ng2n.ui.ai.AiEntryPanelsTest" time="9.791" />
    <testcase name="topicRowAiButtonStartsAnalysisWithoutOpeningTopic" classname="com.chasel.ng2n.ui.ai.AiEntryPanelsTest" time="7.68" />
    <testcase name="floorKeepsPriorContextActionAndTopicKeepsItsOwnActions" classname="com.chasel.ng2n.ui.ai.AiEntryPanelsTest" time="9.762" />
  </testsuite>
  <testsuite name="com.chasel.ng2n.ui.ai.TopicAiSheetTest" tests="4" failures="0" errors="0" skipped="0" time="38.508" timestamp="2026-09-13T17:37:34" hostname="localhost">
    <properties>
      <property name="device" value="Pixel_8(AVD) - 17" />
      <property name="flavor" value="" />
      <property name="project" value=":app" />
    </properties>
    <testcase name="streamingFollowsAgainAfterUserReturnsToBottom" classname="com.chasel.ng2n.ui.ai.TopicAiSheetTest" time="7.934" />
    <testcase name="unsavedCardKeepsTextAndRequiresSavingBeforeContinuing" classname="com.chasel.ng2n.ui.ai.TopicAiSheetTest" time="6.601" />
    <testcase name="missingKeyShowsSettingsAndNoBusyControl" classname="com.chasel.ng2n.ui.ai.TopicAiSheetTest" time="7.244" />
    <testcase name="sheetPositionsStopFollowupCitationsAndDarkTheme" classname="com.chasel.ng2n.ui.ai.TopicAiSheetTest" time="16.729" />
  </testsuite>
</testsuites>